<?xml version="1.0" encoding="UTF-8"?>
<testsuite name="AccessContractTest" tests="1" skipped="0" failures="0" errors="0" timestamp="2018-01-16T11:03:10" hostname="pc-88188.lal.in2p3.fr" time="0.001">
  <properties/>
  <testcase name="testSomeLibraryMethod" classname="AccessContractTest" time="0.001"/>
  <system-out><![CDATA[]]></system-out>
  <system-err><![CDATA[]]></system-err>
</testsuite>
